


ARM Macro Assembler    Page 1 


    1 00000000                 AREA             mainarea,CODE
    2 00000000                 EXPORT           process
    3 00000000         
    4 00000000         process
    5 00000000         ; preserve clobbered registers
    6 00000000 E92D 41F0       STMFD            sp!, {r4-r8,lr}
    7 00000004         
    8 00000004         ; Extract the input argument
    9 00000004 4604            MOV              r4, r0
   10 00000006         
   11 00000006         ; Load C struct contents into registers
   12 00000006 6825            LDR              r5, [r4]
   13 00000008 6866            LDR              r6, [r4, #4]
   14 0000000A 68A7            LDR              r7, [r4, #8]
   15 0000000C F8D4 800C       LDR              r8, [r4, #12]
   16 00000010         
   17 00000010         ; Add integer data in structure and return it
   18 00000010 442E            ADD              r6, r5, r6
   19 00000012 6066            STR              r6, [r4, #4]
   20 00000014         
   21 00000014         ; Call the callback function 
   22 00000014         ; Input argument ptr
   23 00000014 4638            MOV              r0, r7
   24 00000016 47C0            BLX              r8
   25 00000018         
   26 00000018         ; Restore registers from stack
   27 00000018 E8BD 41F0       LDMFD            sp!, {r4-r8,lr}
   28 0000001C         ; Return to main.c
   29 0000001C 4770            BX               lr
   30 0000001E         
   31 0000001E                 END
Command Line: --debug --xref --diag_suppress=9931,A1950W --cpu=Cortex-M4.fp.sp 
--depend=.\objects\asm.d -o.\objects\asm.o -I.\RTE\_STM32F407_Flash -I"C:\Users
\Jon Cooke\AppData\Local\Arm\Packs\ARM\CMSIS\6.1.0\CMSIS\Core\Include" -I"C:\Us
ers\Jon Cooke\AppData\Local\Arm\Packs\Keil\STM32F4xx_DFP\2.17.1\Drivers\CMSIS\D
evice\ST\STM32F4xx\Include" --predefine="__EVAL SETA 1" --predefine="__UVISION_
VERSION SETA 541" --predefine="STM32F407xx SETA 1" --predefine="_RTE_ SETA 1" -
-list=.\listings\asm.lst asm\asm.s



ARM Macro Assembler    Page 1 Alphabetic symbol ordering
Relocatable symbols

mainarea 00000000

Symbol: mainarea
   Definitions
      At line 1 in file asm\asm.s
   Uses
      None
Comment: mainarea unused
process 00000000

Symbol: process
   Definitions
      At line 4 in file asm\asm.s
   Uses
      At line 2 in file asm\asm.s
Comment: process used once
2 symbols
337 symbols in table
