


ARM Macro Assembler    Page 1 


    1 00000000                 AREA             mode_utils, CODE, READONLY
    2 00000000                 EXPORT           getPSR
    3 00000000                 EXPORT           getCONTROL
    4 00000000         
    5 00000000         getPSR
    6 00000000 F3EF 8003       MRS              r0, PSR
    7 00000004         
    8 00000004 4770            BX               LR
    9 00000006         
   10 00000006         getCONTROL
   11 00000006 F3EF 8014       MRS              r0, CONTROL
   12 0000000A         
   13 0000000A 4770            BX               LR
   14 0000000C         
   15 0000000C                 END
Command Line: --debug --xref --diag_suppress=9931,A1950W --cpu=Cortex-M4 --fpu=
SoftVFP --depend=.\objects\mode_utils_asm.d -o.\objects\mode_utils_asm.o -I.\RT
E\_STM32F407_Flash -I"C:\Users\Jon Cooke\AppData\Local\Arm\Packs\ARM\CMSIS\6.1.
0\CMSIS\Core\Include" -I"C:\Users\Jon Cooke\AppData\Local\Arm\Packs\Keil\STM32F
4xx_DFP\2.17.1\Drivers\CMSIS\Device\ST\STM32F4xx\Include" --predefine="__EVAL S
ETA 1" --predefine="__UVISION_VERSION SETA 541" --predefine="STM32F407xx SETA 1
" --predefine="_RTE_ SETA 1" --list=.\listings\mode_utils_asm.lst src\mode_util
s_asm.s



ARM Macro Assembler    Page 1 Alphabetic symbol ordering
Relocatable symbols

getCONTROL 00000006

Symbol: getCONTROL
   Definitions
      At line 10 in file src\mode_utils_asm.s
   Uses
      At line 3 in file src\mode_utils_asm.s
Comment: getCONTROL used once
getPSR 00000000

Symbol: getPSR
   Definitions
      At line 5 in file src\mode_utils_asm.s
   Uses
      At line 2 in file src\mode_utils_asm.s
Comment: getPSR used once
mode_utils 00000000

Symbol: mode_utils
   Definitions
      At line 1 in file src\mode_utils_asm.s
   Uses
      None
Comment: mode_utils unused
3 symbols
337 symbols in table
