


ARM Macro Assembler    Page 1 


    1 00000000                 AREA             mainarea,CODE
    2 00000000                 EXPORT           asm_main
    3 00000000         
    4 00000000                 IMPORT           fib
    5 00000000         
    6 00000000         asm_main
    7 00000000         
    8 00000000 F04F 0007       MOV              r0, #7
    9 00000004         
   10 00000004 F7FF FFFE       BL               fib         ; Your call to 'fib
                                                            ' goes here
   11 00000008         
   12 00000008 4680            MOV              r8, r0
   13 0000000A 4681            MOV              r9, r0
   14 0000000C         
   15 0000000C E7FE            B                .           ; Loop forever
   16 0000000E         
   17 0000000E 00 00           ALIGN
   18 00000010                 END
Command Line: --debug --xref --diag_suppress=9931,A1950W --cpu=Cortex-M4.fp.sp 
--depend=.\objects\main.d -o.\objects\main.o -I.\RTE\_STM32F407_Flash -I"C:\Use
rs\Jon Cooke\AppData\Local\Arm\Packs\ARM\CMSIS\6.1.0\CMSIS\Core\Include" -I"C:\
Users\Jon Cooke\AppData\Local\Arm\Packs\Keil\STM32F4xx_DFP\2.17.1\Drivers\CMSIS
\Device\ST\STM32F4xx\Include" --predefine="__EVAL SETA 1" --predefine="__UVISIO
N_VERSION SETA 541" --predefine="STM32F407xx SETA 1" --predefine="_RTE_ SETA 1"
 --list=.\listings\main.lst asm\main.s



ARM Macro Assembler    Page 1 Alphabetic symbol ordering
Relocatable symbols

asm_main 00000000

Symbol: asm_main
   Definitions
      At line 6 in file asm\main.s
   Uses
      At line 2 in file asm\main.s
Comment: asm_main used once
mainarea 00000000

Symbol: mainarea
   Definitions
      At line 1 in file asm\main.s
   Uses
      None
Comment: mainarea unused
2 symbols



ARM Macro Assembler    Page 1 Alphabetic symbol ordering
External symbols

fib 00000000

Symbol: fib
   Definitions
      At line 4 in file asm\main.s
   Uses
      At line 10 in file asm\main.s
Comment: fib used once
1 symbol
338 symbols in table
