


ARM Macro Assembler    Page 1 


    1 00000000                 AREA             mainarea,CODE
    2 00000000                 EXPORT           calculate
    3 00000000         
    4 00000000         ; 5x + y
    5 00000000         ; 5.r0 + r1
    6 00000000         calculate
    7 00000000 EB00 0380       ADD              r3, r0, r0, LSL #2
    8 00000004 440B            ADD              r3, r3, r1
    9 00000006         
   10 00000006 4618            MOV              r0, r3
   11 00000008         
   12 00000008 4770            BX               LR
   13 0000000A         
   14 0000000A                 END
Command Line: --debug --xref --diag_suppress=9931,A1950W --cpu=Cortex-M4.fp.sp 
--depend=.\objects\asm.d -o.\objects\asm.o -I.\RTE\_STM32F407_Flash -IC:\Keil_v
5\ARM\PACK\ARM\CMSIS\6.1.0\CMSIS\Core\Include -IC:\Keil_v5\ARM\PACK\Keil\STM32F
4xx_DFP\2.17.1\Drivers\CMSIS\Device\ST\STM32F4xx\Include --predefine="__UVISION
_VERSION SETA 541" --predefine="STM32F407xx SETA 1" --predefine="_RTE_ SETA 1" 
--list=.\listings\asm.lst asm\asm.s



ARM Macro Assembler    Page 1 Alphabetic symbol ordering
Relocatable symbols

calculate 00000000

Symbol: calculate
   Definitions
      At line 6 in file asm\asm.s
   Uses
      At line 2 in file asm\asm.s
Comment: calculate used once
mainarea 00000000

Symbol: mainarea
   Definitions
      At line 1 in file asm\asm.s
   Uses
      None
Comment: mainarea unused
2 symbols
336 symbols in table
