


ARM Macro Assembler    Page 1 


    1 00000000                 AREA             utils, CODE, READONLY
    2 00000000                 EXPORT           getPSR, getCONTROL
    3 00000000         
    4 00000000         getPSR
    5 00000000 F3EF 8003       MRS              r0, PSR
    6 00000004         
    7 00000004 4770            BX               LR
    8 00000006         
    9 00000006         getCONTROL
   10 00000006 F3EF 8014       MRS              r0, CONTROL
   11 0000000A         
   12 0000000A 4770            BX               LR
   13 0000000C         
   14 0000000C                 END
Command Line: --debug --xref --diag_suppress=9931,A1950W --cpu=Cortex-M4 --fpu=
SoftVFP --depend=.\objects\mode_utils_asm.d -o.\objects\mode_utils_asm.o -I.\RT
E\_STM32F407_Flash -IC:\Keil_v5\ARM\PACK\ARM\CMSIS\6.1.0\CMSIS\Core\Include -IC
:\Keil_v5\ARM\PACK\Keil\STM32F4xx_DFP\2.17.1\Drivers\CMSIS\Device\ST\STM32F4xx\
Include --predefine="__UVISION_VERSION SETA 541" --predefine="STM32F407xx SETA 
1" --predefine="_RTE_ SETA 1" --list=.\listings\mode_utils_asm.lst src\mode_uti
ls_asm.s



ARM Macro Assembler    Page 1 Alphabetic symbol ordering
Relocatable symbols

getCONTROL 00000006

Symbol: getCONTROL
   Definitions
      At line 9 in file src\mode_utils_asm.s
   Uses
      At line 2 in file src\mode_utils_asm.s
Comment: getCONTROL used once
getPSR 00000000

Symbol: getPSR
   Definitions
      At line 4 in file src\mode_utils_asm.s
   Uses
      At line 2 in file src\mode_utils_asm.s
Comment: getPSR used once
utils 00000000

Symbol: utils
   Definitions
      At line 1 in file src\mode_utils_asm.s
   Uses
      None
Comment: utils unused
3 symbols
336 symbols in table
